[error]	[undefined]:	Extractor Stderr: extractor.Log Warn 83 - Extractor [WARN]: System.TypeLoadException: 接口中的非抽象、非 .cctor 方法。
extensionHostProcess.js:218
   在 System.Signature.GetSignature(Void* pCorSig, Int32 cCorSig, RuntimeFieldHandleInternal fieldHandle, IRuntimeMethodInfo methodHandle, RuntimeType declaringType)
extensionHostProcess.js:218
   在 System.Signature..ctor(IRuntimeFieldInfo fieldHandle, RuntimeType declaringType)
extensionHostProcess.js:218
   在 System.Reflection.RtFieldInfo.get_FieldType()
extensionHostProcess.js:218
   在 extractor.RawFieldInfo..ctor(FieldInfo fieldInfo) 位置 D:\RimworldProject\rwxml-language-server-master\extractor\extractor\RawFieldInfo.cs:行号 48
extensionHostProcess.js:218
   在 extractor.RawTypeInfo..ctor(Type T) 位置 D:\RimworldProject\rwxml-language-server-master\extractor\extractor\RawTypeInfo.cs:行号 78
extensionHostProcess.js:218
   在 extractor.Extractor.TryNewRawTypeInfo(Type T, RawTypeInfo& value, Exception& ex) 位置 D:\RimworldProject\rwxml-language-server-master\extractor\extractor\Extractor.cs:行号 230
extensionHostProcess.js:218
[error]	[undefined]:	Extractor Stderr: extractor.Log Info 73 - Extractor [INFO]: Completed extracting data, data count: 22669
extensionHostProcess.js:218
[error]	[undefined]:	Extractor Stderr: extractor.Log Info 73 - Extractor [INFO]: serialized Object string length: 44324749
extensionHostProcess.js:218
[debug]	[undefined]:	Connecting to localhost server, port: 12384
extensionHostProcess.js:218
[error]	[undefined]:	Extractor Stderr: extractor.Log Info 73 - Extractor [INFO]: serialized Object string length: 44324749
extensionHostProcess.js:218
[debug]	[undefined]:	Connecting to localhost server, port: 13493
extensionHostProcess.js:218
2
[error]	[undefined]:	Extractor Stderr: extractor.Log Info 73 - Extractor [INFO]: Extraction completed!
extensionHostProcess.js:218
2
[info]	[CachedTypeInfoProvider]:	Total types: 47066 (Base: 24454, Static: 0, Dynamic: 22612).